#
# A fatal error has been detected by the Java Runtime Environment:
#
#  EXCEPTION_ACCESS_VIOLATION (0xc0000005) at pc=0x00000000038673d1, pid=4144, tid=0x0000000000001bf0
#
# JRE version: Java(TM) SE Runtime Environment (8.0_152-b16) (build 1.8.0_152-b16)
# Java VM: Java HotSpot(TM) 64-Bit Server VM (25.152-b16 mixed mode windows-amd64 compressed oops)
# Problematic frame:
# J 5380 C1 org.springframework.context.event.SimpleApplicationEventMulticaster.multicastEvent(Lorg/springframework/context/ApplicationEvent;Lorg/springframework/core/ResolvableType;)V (90 bytes) @ 0x00000000038673d1 [0x00000000038672a0+0x131]
#
# Failed to write core dump. Minidumps are not enabled by default on client versions of Windows
#
# If you would like to submit a bug report, please visit:
#   http://bugreport.java.com/bugreport/crash.jsp
#

---------------  T H R E A D  ---------------

Current thread (0x00000000200d4800):  JavaThread "DiscoveryClient-CacheRefreshExecutor-0" daemon [_thread_in_Java, id=7152, stack(0x0000000023250000,0x0000000023350000)]

siginfo: ExceptionCode=0xc0000005, reading address 0x000000006a793b20

Registers:
RAX=0x0000000782b04a68, RBX=0x000000006a793b20, RCX=0x000000000000000a, RDX=0x000000002334efd8
RSP=0x000000002334f0d0, RBP=0x000000002334f240, RSI=0x0000000000001030, RDI=0x0000000782b04a10
R8 =0x0000000000000006, R9 =0x00000000000000d3, R10=0x000000006bb6ba90, R11=0x00000000200bd9b0
R12=0x0000000000000000, R13=0x0000000003404014, R14=0x000000002334f038, R15=0x00000000200d4800
RIP=0x00000000038673d1, EFLAGS=0x0000000000010246

Top of Stack: (sp=0x000000002334f0d0)
0x000000002334f0d0:   0000000782afebb0 0000000782afee90
0x000000002334f0e0:   0000000000000000 000000002334f0e8
0x000000002334f0f0:   000000001e545a50 000000002334f138
0x000000002334f100:   000000001e54a030 0000000782afef08
0x000000002334f110:   00000007023369e8 0000000782afeff0
0x000000002334f120:   000000006a793b20 000000002334f240
0x000000002334f130:   000000002334f240 00000000038b91bc
0x000000002334f140:   0000000782afeea8 000000002334f188
0x000000002334f150:   000000070187b458 0000000000000000
0x000000002334f160:   000000002334f1c8 0000000002e77e70
0x000000002334f170:   0000000002e7835d 0000000002e77e70
0x000000002334f180:   0000000782afef08 0000000000000000
0x000000002334f190:   000000001c9d6bbe 00000007022c5a48
0x000000002334f1a0:   0000000782afef08 0000000000000000
0x000000002334f1b0:   0000000782afef08 0000000000000000
0x000000002334f1c0:   000000002334f1d8 000000002334f228 

Instructions: (pc=0x00000000038673d1)
0x00000000038673b1:   00 48 8b c2 48 8b d0 4c 8b c6 4c 8b 4c 24 38 90
0x00000000038673c1:   90 90 90 90 90 90 e8 34 c8 b9 ff 48 8b 5c 24 50
0x00000000038673d1:   48 3b 03 4c 8b c0 48 8b d3 90 90 90 48 b8 ff ff
0x00000000038673e1:   ff ff ff ff ff ff e8 f4 ef 64 ff e9 13 00 00 00 


Register to memory mapping:

RAX=0x0000000782b04a68 is an oop
org.springframework.context.event.SimpleApplicationEventMulticaster$$Lambda$489/1797600689 
 - klass: 'org/springframework/context/event/SimpleApplicationEventMulticaster$$Lambda$489'
RBX=0x000000006a793b20 is an unknown value
RCX=0x000000000000000a is an unknown value
RDX=0x000000002334efd8 is pointing into the stack for thread: 0x00000000200d4800
RSP=0x000000002334f0d0 is pointing into the stack for thread: 0x00000000200d4800
RBP=0x000000002334f240 is pointing into the stack for thread: 0x00000000200d4800
RSI=0x0000000000001030 is an unknown value
RDI=0x0000000782b04a10 is an oop
java.lang.invoke.MemberName 
 - klass: 'java/lang/invoke/MemberName'
R8 =0x0000000000000006 is an unknown value
R9 =0x00000000000000d3 is an unknown value
R10=0x000000006bb6ba90 is an unknown value
R11=0x00000000200bd9b0 is an unknown value
R12=0x0000000000000000 is an unknown value
R13=0x0000000003404014 is at entry_point+84 in (nmethod*)0x0000000003403e50
R14=0x000000002334f038 is pointing into the stack for thread: 0x00000000200d4800
R15=0x00000000200d4800 is a thread


Stack: [0x0000000023250000,0x0000000023350000],  sp=0x000000002334f0d0,  free space=1020k
Native frames: (J=compiled Java code, j=interpreted, Vv=VM code, C=native code)
C  0x00000000038673d1


---------------  P R O C E S S  ---------------

Java Threads: ( => current thread )
  0x00000000200d7000 JavaThread "AsyncResolver-bootstrap-executor-0" daemon [_thread_blocked, id=32, stack(0x0000000023450000,0x0000000023550000)]
  0x00000000200dc000 JavaThread "DiscoveryClient-HeartbeatExecutor-0" daemon [_thread_blocked, id=10932, stack(0x0000000023350000,0x0000000023450000)]
=>0x00000000200d4800 JavaThread "DiscoveryClient-CacheRefreshExecutor-0" daemon [_thread_in_Java, id=7152, stack(0x0000000023250000,0x0000000023350000)]
  0x00000000200db800 JavaThread "DestroyJavaVM" [_thread_blocked, id=9444, stack(0x0000000002af0000,0x0000000002bf0000)]
  0x00000000200d9000 JavaThread "http-nio-8083-Acceptor-0" daemon [_thread_in_native, id=10396, stack(0x0000000022950000,0x0000000022a50000)]
  0x00000000200d3000 JavaThread "http-nio-8083-ClientPoller-1" daemon [_thread_in_native, id=9248, stack(0x0000000022850000,0x0000000022950000)]
  0x00000000200d4000 JavaThread "http-nio-8083-ClientPoller-0" daemon [_thread_in_native, id=6284, stack(0x0000000022750000,0x0000000022850000)]
  0x00000000200d1800 JavaThread "http-nio-8083-exec-10" daemon [_thread_blocked, id=3636, stack(0x0000000022650000,0x0000000022750000)]
  0x00000000200d8800 JavaThread "http-nio-8083-exec-9" daemon [_thread_blocked, id=8736, stack(0x0000000022550000,0x0000000022650000)]
  0x00000000200d2800 JavaThread "http-nio-8083-exec-8" daemon [_thread_blocked, id=7356, stack(0x0000000022450000,0x0000000022550000)]
  0x00000000200d6000 JavaThread "http-nio-8083-exec-7" daemon [_thread_blocked, id=6072, stack(0x0000000022350000,0x0000000022450000)]
  0x00000000200af000 JavaThread "http-nio-8083-exec-6" daemon [_thread_blocked, id=3108, stack(0x0000000022250000,0x0000000022350000)]
  0x00000000200ac000 JavaThread "http-nio-8083-exec-5" daemon [_thread_blocked, id=3984, stack(0x0000000022150000,0x0000000022250000)]
  0x00000000200b1800 JavaThread "http-nio-8083-exec-4" daemon [_thread_blocked, id=8904, stack(0x0000000022050000,0x0000000022150000)]
  0x00000000200ad800 JavaThread "http-nio-8083-exec-3" daemon [_thread_blocked, id=9864, stack(0x0000000021f50000,0x0000000022050000)]
  0x00000000200b0800 JavaThread "http-nio-8083-exec-2" daemon [_thread_blocked, id=6948, stack(0x0000000021e50000,0x0000000021f50000)]
  0x00000000200ab800 JavaThread "http-nio-8083-exec-1" daemon [_thread_blocked, id=7400, stack(0x0000000021d50000,0x0000000021e50000)]
  0x00000000200ad000 JavaThread "NioBlockingSelector.BlockPoller-1" daemon [_thread_in_native, id=3980, stack(0x0000000021c50000,0x0000000021d50000)]
  0x00000000200b2000 JavaThread "DiscoveryClient-InstanceInfoReplicator-0" daemon [_thread_blocked, id=4568, stack(0x0000000021b50000,0x0000000021c50000)]
  0x00000000200ae800 JavaThread "DiscoveryClient-1" daemon [_thread_blocked, id=1544, stack(0x0000000021a50000,0x0000000021b50000)]
  0x00000000200b0000 JavaThread "DiscoveryClient-0" daemon [_thread_blocked, id=6852, stack(0x0000000021950000,0x0000000021a50000)]
  0x000000001ffbd000 JavaThread "AsyncResolver-bootstrap-0" daemon [_thread_blocked, id=8720, stack(0x0000000021450000,0x0000000021550000)]
  0x000000001ff14800 JavaThread "Eureka-JerseyClient-Conn-Cleaner2" daemon [_thread_blocked, id=9732, stack(0x0000000021350000,0x0000000021450000)]
  0x000000001e2b9000 JavaThread "spring.cloud.inetutils" daemon [_thread_blocked, id=9988, stack(0x000000001fb80000,0x000000001fc80000)]
  0x000000001e0a9800 JavaThread "container-0" [_thread_blocked, id=7536, stack(0x000000001f380000,0x000000001f480000)]
  0x000000001e0a9000 JavaThread "Catalina-utility-2" [_thread_blocked, id=1708, stack(0x000000001f280000,0x000000001f380000)]
  0x000000001e0a8000 JavaThread "Catalina-utility-1" [_thread_blocked, id=9264, stack(0x000000001f180000,0x000000001f280000)]
  0x000000001c033800 JavaThread "RMI Scheduler(0)" daemon [_thread_blocked, id=6760, stack(0x000000001d2b0000,0x000000001d3b0000)]
  0x000000001bdbe000 JavaThread "RMI TCP Accept-0" daemon [_thread_in_native, id=10912, stack(0x000000001c6c0000,0x000000001c7c0000)]
  0x000000001bb94000 JavaThread "Service Thread" daemon [_thread_blocked, id=7464, stack(0x000000001c4c0000,0x000000001c5c0000)]
  0x000000001baf5000 JavaThread "C1 CompilerThread2" daemon [_thread_blocked, id=7568, stack(0x000000001c3c0000,0x000000001c4c0000)]
  0x000000001baf4000 JavaThread "C2 CompilerThread1" daemon [_thread_blocked, id=10652, stack(0x000000001c2c0000,0x000000001c3c0000)]
  0x000000001baa9000 JavaThread "C2 CompilerThread0" daemon [_thread_blocked, id=10656, stack(0x000000001c1c0000,0x000000001c2c0000)]
  0x000000001baf0800 JavaThread "Monitor Ctrl-Break" daemon [_thread_in_native, id=4736, stack(0x000000001c0c0000,0x000000001c1c0000)]
  0x0000000019f37800 JavaThread "Attach Listener" daemon [_thread_blocked, id=1776, stack(0x000000001b7c0000,0x000000001b8c0000)]
  0x0000000019f25000 JavaThread "Signal Dispatcher" daemon [_thread_blocked, id=5056, stack(0x000000001b6c0000,0x000000001b7c0000)]
  0x0000000002d6d800 JavaThread "Finalizer" daemon [_thread_blocked, id=10516, stack(0x000000001b160000,0x000000001b260000)]
  0x0000000002d68000 JavaThread "Reference Handler" daemon [_thread_blocked, id=780, stack(0x000000001b060000,0x000000001b160000)]

Other Threads:
  0x0000000019ed7800 VMThread [stack: 0x000000001af60000,0x000000001b060000] [id=11004]
  0x000000001bdc9800 WatcherThread [stack: 0x000000001c7c0000,0x000000001c8c0000] [id=7284]

VM state:not at safepoint (normal execution)

VM Mutex/Monitor currently owned by a thread: None

Heap:
 PSYoungGen      total 159744K, used 51739K [0x0000000780800000, 0x000000078d380000, 0x00000007c0000000)
  eden space 144384K, 25% used [0x0000000780800000,0x0000000782bedf40,0x0000000789500000)
  from space 15360K, 97% used [0x0000000789500000,0x000000078a398fd0,0x000000078a400000)
  to   space 16896K, 0% used [0x000000078c300000,0x000000078c300000,0x000000078d380000)
 ParOldGen       total 135168K, used 20126K [0x0000000701800000, 0x0000000709c00000, 0x0000000780800000)
  object space 135168K, 14% used [0x0000000701800000,0x0000000702ba7be0,0x0000000709c00000)
 Metaspace       used 47521K, capacity 49566K, committed 49920K, reserved 1091584K
  class space    used 6414K, capacity 6792K, committed 6912K, reserved 1048576K

Card table byte_map: [0x0000000012230000,0x0000000012830000] byte_map_base: 0x000000000ea24000

Marking Bits: (ParMarkBitMap*) 0x000000006bb80860
 Begin Bits: [0x0000000013030000, 0x0000000015fd0000)
 End Bits:   [0x0000000015fd0000, 0x0000000018f70000)

Polling page: 0x0000000000b90000

CodeCache: size=245760Kb used=10658Kb max_used=10658Kb free=235102Kb
 bounds [0x0000000002e70000, 0x00000000038e0000, 0x0000000011e70000]
 total_blobs=6027 nmethods=5529 adapters=410
 compilation: enabled

Compilation events (10 events):
Event: 9360.927 Thread 0x000000001baf5000 5625       1       java.util.ComparableTimSort::binarySort (223 bytes)
Event: 9360.928 Thread 0x000000001baf5000 nmethod 5625 0x00000000038d9f10 code [0x00000000038da0a0, 0x00000000038da5f8]
Event: 9360.928 Thread 0x000000001baf5000 5624       1       com.netflix.servo.tag.SmallTagMap$Builder::isEmpty (13 bytes)
Event: 9360.928 Thread 0x000000001baf5000 nmethod 5624 0x00000000038da9d0 code [0x00000000038dab20, 0x00000000038dac50]
Event: 9361.293 Thread 0x000000001baf5000 5626       1       com.netflix.servo.monitor.MonitorConfig$Builder::build (10 bytes)
Event: 9361.293 Thread 0x000000001baf5000 nmethod 5626 0x00000000038dacd0 code [0x00000000038dae40, 0x00000000038dafc8]
Event: 9361.293 Thread 0x000000001baf5000 5627       1       com.netflix.servo.monitor.MonitorConfig::<init> (6 bytes)
Event: 9361.293 Thread 0x000000001baf5000 nmethod 5627 0x00000000038db090 code [0x00000000038db1e0, 0x00000000038db308]
Event: 9361.294 Thread 0x000000001baf5000 5628       1       java.io.FileDescriptor::<init> (17 bytes)
Event: 9361.294 Thread 0x000000001baf5000 nmethod 5628 0x00000000038db390 code [0x00000000038db4e0, 0x00000000038db610]

GC Heap History (10 events):
Event: 5.101 GC heap before
{Heap before GC invocations=7 (full 1):
 PSYoungGen      total 102912K, used 102007K [0x0000000780800000, 0x0000000788380000, 0x00000007c0000000)
  eden space 94720K, 100% used [0x0000000780800000,0x0000000786480000,0x0000000786480000)
  from space 8192K, 88% used [0x0000000786480000,0x0000000786b9df58,0x0000000786c80000)
  to   space 9728K, 0% used [0x0000000787a00000,0x0000000787a00000,0x0000000788380000)
 ParOldGen       total 81408K, used 8413K [0x0000000701800000, 0x0000000706780000, 0x0000000780800000)
  object space 81408K, 10% used [0x0000000701800000,0x00000007020374d8,0x0000000706780000)
 Metaspace       used 31061K, capacity 32496K, committed 32768K, reserved 1077248K
  class space    used 4206K, capacity 4488K, committed 4608K, reserved 1048576K
Event: 5.117 GC heap after
Heap after GC invocations=7 (full 1):
 PSYoungGen      total 112128K, used 9707K [0x0000000780800000, 0x000000078ab00000, 0x00000007c0000000)
  eden space 102400K, 0% used [0x0000000780800000,0x0000000780800000,0x0000000786c00000)
  from space 9728K, 99% used [0x0000000787a00000,0x000000078837ad10,0x0000000788380000)
  to   space 14336K, 0% used [0x0000000786c00000,0x0000000786c00000,0x0000000787a00000)
 ParOldGen       total 81408K, used 14275K [0x0000000701800000, 0x0000000706780000, 0x0000000780800000)
  object space 81408K, 17% used [0x0000000701800000,0x00000007025f0f50,0x0000000706780000)
 Metaspace       used 31061K, capacity 32496K, committed 32768K, reserved 1077248K
  class space    used 4206K, capacity 4488K, committed 4608K, reserved 1048576K
}
Event: 5.699 GC heap before
{Heap before GC invocations=8 (full 1):
 PSYoungGen      total 112128K, used 65621K [0x0000000780800000, 0x000000078ab00000, 0x00000007c0000000)
  eden space 102400K, 54% used [0x0000000780800000,0x0000000783e9a968,0x0000000786c00000)
  from space 9728K, 99% used [0x0000000787a00000,0x000000078837ad10,0x0000000788380000)
  to   space 14336K, 0% used [0x0000000786c00000,0x0000000786c00000,0x0000000787a00000)
 ParOldGen       total 81408K, used 14275K [0x0000000701800000, 0x0000000706780000, 0x0000000780800000)
  object space 81408K, 17% used [0x0000000701800000,0x00000007025f0f50,0x0000000706780000)
 Metaspace       used 33823K, capacity 35250K, committed 35456K, reserved 1079296K
  class space    used 4577K, capacity 4889K, committed 4992K, reserved 1048576K
Event: 5.716 GC heap after
Heap after GC invocations=8 (full 1):
 PSYoungGen      total 116736K, used 12335K [0x0000000780800000, 0x000000078bb00000, 0x00000007c0000000)
  eden space 102400K, 0% used [0x0000000780800000,0x0000000780800000,0x0000000786c00000)
  from space 14336K, 86% used [0x0000000786c00000,0x000000078780bec0,0x0000000787a00000)
  to   space 15872K, 0% used [0x000000078ab80000,0x000000078ab80000,0x000000078bb00000)
 ParOldGen       total 81408K, used 14283K [0x0000000701800000, 0x0000000706780000, 0x0000000780800000)
  object space 81408K, 17% used [0x0000000701800000,0x00000007025f2f50,0x0000000706780000)
 Metaspace       used 33823K, capacity 35250K, committed 35456K, reserved 1079296K
  class space    used 4577K, capacity 4889K, committed 4992K, reserved 1048576K
}
Event: 5.716 GC heap before
{Heap before GC invocations=9 (full 2):
 PSYoungGen      total 116736K, used 12335K [0x0000000780800000, 0x000000078bb00000, 0x00000007c0000000)
  eden space 102400K, 0% used [0x0000000780800000,0x0000000780800000,0x0000000786c00000)
  from space 14336K, 86% used [0x0000000786c00000,0x000000078780bec0,0x0000000787a00000)
  to   space 15872K, 0% used [0x000000078ab80000,0x000000078ab80000,0x000000078bb00000)
 ParOldGen       total 81408K, used 14283K [0x0000000701800000, 0x0000000706780000, 0x0000000780800000)
  object space 81408K, 17% used [0x0000000701800000,0x00000007025f2f50,0x0000000706780000)
 Metaspace       used 33823K, capacity 35250K, committed 35456K, reserved 1079296K
  class space    used 4577K, capacity 4889K, committed 4992K, reserved 1048576K
Event: 5.795 GC heap after
Heap after GC invocations=9 (full 2):
 PSYoungGen      total 116736K, used 0K [0x0000000780800000, 0x000000078bb00000, 0x00000007c0000000)
  eden space 102400K, 0% used [0x0000000780800000,0x0000000780800000,0x0000000786c00000)
  from space 14336K, 0% used [0x0000000786c00000,0x0000000786c00000,0x0000000787a00000)
  to   space 15872K, 0% used [0x000000078ab80000,0x000000078ab80000,0x000000078bb00000)
 ParOldGen       total 135168K, used 20110K [0x0000000701800000, 0x0000000709c00000, 0x0000000780800000)
  object space 135168K, 14% used [0x0000000701800000,0x0000000702ba3be0,0x0000000709c00000)
 Metaspace       used 33823K, capacity 35250K, committed 35456K, reserved 1079296K
  class space    used 4577K, capacity 4889K, committed 4992K, reserved 1048576K
}
Event: 7.080 GC heap before
{Heap before GC invocations=10 (full 2):
 PSYoungGen      total 116736K, used 102400K [0x0000000780800000, 0x000000078bb00000, 0x00000007c0000000)
  eden space 102400K, 100% used [0x0000000780800000,0x0000000786c00000,0x0000000786c00000)
  from space 14336K, 0% used [0x0000000786c00000,0x0000000786c00000,0x0000000787a00000)
  to   space 15872K, 0% used [0x000000078ab80000,0x000000078ab80000,0x000000078bb00000)
 ParOldGen       total 135168K, used 20110K [0x0000000701800000, 0x0000000709c00000, 0x0000000780800000)
  object space 135168K, 14% used [0x0000000701800000,0x0000000702ba3be0,0x0000000709c00000)
 Metaspace       used 38195K, capacity 40026K, committed 40192K, reserved 1083392K
  class space    used 5168K, capacity 5516K, committed 5632K, reserved 1048576K
Event: 7.090 GC heap after
Heap after GC invocations=10 (full 2):
 PSYoungGen      total 152064K, used 7606K [0x0000000780800000, 0x000000078b300000, 0x00000007c0000000)
  eden space 144384K, 0% used [0x0000000780800000,0x0000000780800000,0x0000000789500000)
  from space 7680K, 99% used [0x000000078ab80000,0x000000078b2edb20,0x000000078b300000)
  to   space 15360K, 0% used [0x0000000789500000,0x0000000789500000,0x000000078a400000)
 ParOldGen       total 135168K, used 20118K [0x0000000701800000, 0x0000000709c00000, 0x0000000780800000)
  object space 135168K, 14% used [0x0000000701800000,0x0000000702ba5be0,0x0000000709c00000)
 Metaspace       used 38195K, capacity 40026K, committed 40192K, reserved 1083392K
  class space    used 5168K, capacity 5516K, committed 5632K, reserved 1048576K
}
Event: 38.959 GC heap before
{Heap before GC invocations=11 (full 2):
 PSYoungGen      total 152064K, used 151990K [0x0000000780800000, 0x000000078b300000, 0x00000007c0000000)
  eden space 144384K, 100% used [0x0000000780800000,0x0000000789500000,0x0000000789500000)
  from space 7680K, 99% used [0x000000078ab80000,0x000000078b2edb20,0x000000078b300000)
  to   space 15360K, 0% used [0x0000000789500000,0x0000000789500000,0x000000078a400000)
 ParOldGen       total 135168K, used 20118K [0x0000000701800000, 0x0000000709c00000, 0x0000000780800000)
  object space 135168K, 14% used [0x0000000701800000,0x0000000702ba5be0,0x0000000709c00000)
 Metaspace       used 47010K, capacity 49004K, committed 49280K, reserved 1091584K
  class space    used 6353K, capacity 6741K, committed 6784K, reserved 1048576K
Event: 38.977 GC heap after
Heap after GC invocations=11 (full 2):
 PSYoungGen      total 159744K, used 14947K [0x0000000780800000, 0x000000078d380000, 0x00000007c0000000)
  eden space 144384K, 0% used [0x0000000780800000,0x0000000780800000,0x0000000789500000)
  from space 15360K, 97% used [0x0000000789500000,0x000000078a398fd0,0x000000078a400000)
  to   space 16896K, 0% used [0x000000078c300000,0x000000078c300000,0x000000078d380000)
 ParOldGen       total 135168K, used 20126K [0x0000000701800000, 0x0000000709c00000, 0x0000000780800000)
  object space 135168K, 14% used [0x0000000701800000,0x0000000702ba7be0,0x0000000709c00000)
 Metaspace       used 47010K, capacity 49004K, committed 49280K, reserved 1091584K
  class space    used 6353K, capacity 6741K, committed 6784K, reserved 1048576K
}

Deoptimization events (0 events):
No events

Classes redefined (0 events):
No events

Internal exceptions (10 events):
Event: 5980.412 Thread 0x00000000200d4800 Exception <a 'java/net/SocketTimeoutException': Read timed out> (0x0000000782a8d6b8) thrown at [C:\re\workspace\8-2-build-windows-amd64-cygwin\jdk8u152\9742\hotspot\src\share\vm\prims\jni.cpp, line 735]
Event: 6010.210 Thread 0x00000000200dc000 Exception <a 'java/net/SocketTimeoutException': Read timed out> (0x0000000782b3c9a0) thrown at [C:\re\workspace\8-2-build-windows-amd64-cygwin\jdk8u152\9742\hotspot\src\share\vm\prims\jni.cpp, line 735]
Event: 6040.214 Thread 0x00000000200dc000 Exception <a 'java/net/SocketTimeoutException': Read timed out> (0x0000000782b47a20) thrown at [C:\re\workspace\8-2-build-windows-amd64-cygwin\jdk8u152\9742\hotspot\src\share\vm\prims\jni.cpp, line 735]
Event: 6040.419 Thread 0x00000000200d4800 Exception <a 'java/net/SocketTimeoutException': Read timed out> (0x0000000782aa70b0) thrown at [C:\re\workspace\8-2-build-windows-amd64-cygwin\jdk8u152\9742\hotspot\src\share\vm\prims\jni.cpp, line 735]
Event: 6070.219 Thread 0x00000000200dc000 Exception <a 'java/net/SocketTimeoutException': Read timed out> (0x0000000782b52850) thrown at [C:\re\workspace\8-2-build-windows-amd64-cygwin\jdk8u152\9742\hotspot\src\share\vm\prims\jni.cpp, line 735]
Event: 6070.424 Thread 0x00000000200d4800 Exception <a 'java/net/SocketTimeoutException': Read timed out> (0x0000000782ab0808) thrown at [C:\re\workspace\8-2-build-windows-amd64-cygwin\jdk8u152\9742\hotspot\src\share\vm\prims\jni.cpp, line 735]
Event: 6100.223 Thread 0x00000000200dc000 Exception <a 'java/net/SocketTimeoutException': Read timed out> (0x0000000782b5d680) thrown at [C:\re\workspace\8-2-build-windows-amd64-cygwin\jdk8u152\9742\hotspot\src\share\vm\prims\jni.cpp, line 735]
Event: 6100.428 Thread 0x00000000200d4800 Exception <a 'java/net/SocketTimeoutException': Read timed out> (0x0000000782ab9f60) thrown at [C:\re\workspace\8-2-build-windows-amd64-cygwin\jdk8u152\9742\hotspot\src\share\vm\prims\jni.cpp, line 735]
Event: 6130.227 Thread 0x00000000200dc000 Exception <a 'java/net/SocketTimeoutException': Read timed out> (0x0000000782b684b0) thrown at [C:\re\workspace\8-2-build-windows-amd64-cygwin\jdk8u152\9742\hotspot\src\share\vm\prims\jni.cpp, line 735]
Event: 6130.431 Thread 0x00000000200d4800 Exception <a 'java/net/SocketTimeoutException': Read timed out> (0x0000000782ad5550) thrown at [C:\re\workspace\8-2-build-windows-amd64-cygwin\jdk8u152\9742\hotspot\src\share\vm\prims\jni.cpp, line 735]

Events (10 events):
Event: 6040.212 Executing VM operation: BulkRevokeBias
Event: 6040.213 Executing VM operation: BulkRevokeBias done
Event: 6040.417 Executing VM operation: RevokeBias
Event: 6040.417 Executing VM operation: RevokeBias done
Event: 9360.927 loading class java/util/concurrent/locks/ReentrantReadWriteLock$Sync$HoldCounter
Event: 9361.292 loading class java/util/concurrent/locks/ReentrantReadWriteLock$Sync$HoldCounter done
Event: 9361.296 loading class org/springframework/context/ApplicationListener
Event: 9361.296 loading class org/springframework/context/ApplicationListener done
Event: 9361.297 loading class org/springframework/context/event/SimpleApplicationEventMulticaster
Event: 9361.297 loading class org/springframework/context/event/SimpleApplicationEventMulticaster done


Dynamic libraries:
0x00007ff7cf920000 - 0x00007ff7cf957000 	F:\Javafour\jdk1.8.0_152\bin\java.exe
0x00007ffebca80000 - 0x00007ffebcc61000 	C:\WINDOWS\SYSTEM32\ntdll.dll
0x00007ffeba170000 - 0x00007ffeba222000 	C:\WINDOWS\System32\KERNEL32.DLL
0x00007ffeb93d0000 - 0x00007ffeb9643000 	C:\WINDOWS\System32\KERNELBASE.dll
0x00007ffebafb0000 - 0x00007ffebb051000 	C:\WINDOWS\System32\ADVAPI32.dll
0x00007ffeba310000 - 0x00007ffeba3ae000 	C:\WINDOWS\System32\msvcrt.dll
0x00007ffebaf40000 - 0x00007ffebaf9b000 	C:\WINDOWS\System32\sechost.dll
0x00007ffeb9fe0000 - 0x00007ffeba104000 	C:\WINDOWS\System32\RPCRT4.dll
0x00007ffeba710000 - 0x00007ffeba8a0000 	C:\WINDOWS\System32\USER32.dll
0x00007ffeb9d60000 - 0x00007ffeb9d80000 	C:\WINDOWS\System32\win32u.dll
0x00007ffeba110000 - 0x00007ffeba138000 	C:\WINDOWS\System32\GDI32.dll
0x00007ffeb9190000 - 0x00007ffeb9322000 	C:\WINDOWS\System32\gdi32full.dll
0x00007ffeb9330000 - 0x00007ffeb93cf000 	C:\WINDOWS\System32\msvcp_win.dll
0x00007ffeb8e50000 - 0x00007ffeb8f48000 	C:\WINDOWS\System32\ucrtbase.dll
0x00007ffea2c10000 - 0x00007ffea2e79000 	C:\WINDOWS\WinSxS\amd64_microsoft.windows.common-controls_6595b64144ccf1df_6.0.17134.648_none_fb45a0e93062a6d2\COMCTL32.dll
0x00007ffebb060000 - 0x00007ffebb382000 	C:\WINDOWS\System32\combase.dll
0x00007ffeb9e30000 - 0x00007ffeb9eaa000 	C:\WINDOWS\System32\bcryptPrimitives.dll
0x00007ffeba140000 - 0x00007ffeba16d000 	C:\WINDOWS\System32\IMM32.DLL
0x000000006bc00000 - 0x000000006bcd2000 	F:\Javafour\jdk1.8.0_152\jre\bin\msvcr100.dll
0x000000006b360000 - 0x000000006bc00000 	F:\Javafour\jdk1.8.0_152\jre\bin\server\jvm.dll
0x00007ffeba430000 - 0x00007ffeba438000 	C:\WINDOWS\System32\PSAPI.DLL
0x00007ffeac3b0000 - 0x00007ffeac3b9000 	C:\WINDOWS\SYSTEM32\WSOCK32.dll
0x00007ffebc940000 - 0x00007ffebc9ac000 	C:\WINDOWS\System32\WS2_32.dll
0x00007ffeb6090000 - 0x00007ffeb60b3000 	C:\WINDOWS\SYSTEM32\WINMM.dll
0x00007ffeaa660000 - 0x00007ffeaa66a000 	C:\WINDOWS\SYSTEM32\VERSION.dll
0x00007ffeb6060000 - 0x00007ffeb608a000 	C:\WINDOWS\SYSTEM32\WINMMBASE.dll
0x00007ffeb9140000 - 0x00007ffeb9189000 	C:\WINDOWS\System32\cfgmgr32.dll
0x000000006b350000 - 0x000000006b35f000 	F:\Javafour\jdk1.8.0_152\jre\bin\verify.dll
0x000000006b320000 - 0x000000006b349000 	F:\Javafour\jdk1.8.0_152\jre\bin\java.dll
0x000000006b2d0000 - 0x000000006b2f3000 	F:\Javafour\jdk1.8.0_152\jre\bin\instrument.dll
0x000000006b300000 - 0x000000006b316000 	F:\Javafour\jdk1.8.0_152\jre\bin\zip.dll
0x00007ffebb390000 - 0x00007ffebc7d0000 	C:\WINDOWS\System32\SHELL32.dll
0x00007ffebae90000 - 0x00007ffebaf39000 	C:\WINDOWS\System32\shcore.dll
0x00007ffeb9650000 - 0x00007ffeb9d5d000 	C:\WINDOWS\System32\windows.storage.dll
0x00007ffeba3d0000 - 0x00007ffeba421000 	C:\WINDOWS\System32\shlwapi.dll
0x00007ffeb8e30000 - 0x00007ffeb8e41000 	C:\WINDOWS\System32\kernel.appcore.dll
0x00007ffeb8e10000 - 0x00007ffeb8e2f000 	C:\WINDOWS\System32\profapi.dll
0x00007ffeb8d90000 - 0x00007ffeb8ddc000 	C:\WINDOWS\System32\powrprof.dll
0x00007ffeb8de0000 - 0x00007ffeb8dea000 	C:\WINDOWS\System32\FLTLIB.DLL
0x00007ffead1b0000 - 0x00007ffead1ca000 	D:\Idea\IntelliJ IDEA 2018.3.5\bin\breakgen64.dll
0x000000006b2b0000 - 0x000000006b2ca000 	F:\Javafour\jdk1.8.0_152\jre\bin\net.dll
0x00007ffeb82b0000 - 0x00007ffeb8316000 	C:\WINDOWS\system32\mswsock.dll
0x00007ffeb8070000 - 0x00007ffeb812e000 	C:\WINDOWS\SYSTEM32\DNSAPI.dll
0x00007ffebc7d0000 - 0x00007ffebc7d8000 	C:\WINDOWS\System32\NSI.dll
0x00007ffeb8030000 - 0x00007ffeb8068000 	C:\WINDOWS\SYSTEM32\IPHLPAPI.DLL
0x00007ffeac2a0000 - 0x00007ffeac2aa000 	C:\Windows\System32\rasadhlp.dll
0x00007ffeb0b80000 - 0x00007ffeb0bf2000 	C:\WINDOWS\System32\fwpuclnt.dll
0x00007ffeb89a0000 - 0x00007ffeb89c5000 	C:\WINDOWS\SYSTEM32\bcrypt.dll
0x000000006b280000 - 0x000000006b28d000 	F:\Javafour\jdk1.8.0_152\jre\bin\management.dll
0x000000006b290000 - 0x000000006b2a1000 	F:\Javafour\jdk1.8.0_152\jre\bin\nio.dll
0x00007ffeb8910000 - 0x00007ffeb8927000 	C:\WINDOWS\SYSTEM32\CRYPTSP.dll
0x00007ffeb7e90000 - 0x00007ffeb7ec3000 	C:\WINDOWS\system32\rsaenh.dll
0x00007ffeb8c90000 - 0x00007ffeb8cb8000 	C:\WINDOWS\SYSTEM32\USERENV.dll
0x00007ffeb8460000 - 0x00007ffeb846b000 	C:\WINDOWS\SYSTEM32\CRYPTBASE.dll
0x00007ffeb0da0000 - 0x00007ffeb0db6000 	C:\WINDOWS\SYSTEM32\dhcpcsvc6.DLL
0x00007ffeb0d80000 - 0x00007ffeb0d9a000 	C:\WINDOWS\SYSTEM32\dhcpcsvc.DLL
0x00007ffeac3d0000 - 0x00007ffeac3e6000 	C:\WINDOWS\system32\napinsp.dll
0x00007ffe86b30000 - 0x00007ffe86b4a000 	C:\WINDOWS\system32\pnrpnsp.dll
0x00007ffeb5630000 - 0x00007ffeb5649000 	C:\WINDOWS\system32\NLAapi.dll
0x00007ffeac490000 - 0x00007ffeac49e000 	C:\WINDOWS\System32\winrnr.dll
0x00007ffe9fa40000 - 0x00007ffe9fa55000 	C:\WINDOWS\System32\wshbth.dll
0x000000006b250000 - 0x000000006b274000 	F:\Javafour\jdk1.8.0_152\jre\bin\sunec.dll
0x00007ffeb89d0000 - 0x00007ffeb8b99000 	C:\WINDOWS\SYSTEM32\dbghelp.dll

VM Arguments:
jvm_args: -XX:TieredStopAtLevel=1 -Xverify:none -Dspring.output.ansi.enabled=always -Dcom.sun.management.jmxremote -Dspring.liveBeansView.mbeanDomain -Dspring.application.admin.enabled=true -javaagent:D:\Idea\IntelliJ IDEA 2018.3.5\lib\idea_rt.jar=50307:D:\Idea\IntelliJ IDEA 2018.3.5\bin -Dfile.encoding=UTF-8 
java_command: com.jk.SpringcloudProviderUserApplication
java_class_path (initial): F:\Javafour\jdk1.8.0_152\jre\lib\charsets.jar;F:\Javafour\jdk1.8.0_152\jre\lib\deploy.jar;F:\Javafour\jdk1.8.0_152\jre\lib\ext\access-bridge-64.jar;F:\Javafour\jdk1.8.0_152\jre\lib\ext\cldrdata.jar;F:\Javafour\jdk1.8.0_152\jre\lib\ext\dnsns.jar;F:\Javafour\jdk1.8.0_152\jre\lib\ext\jaccess.jar;F:\Javafour\jdk1.8.0_152\jre\lib\ext\jfxrt.jar;F:\Javafour\jdk1.8.0_152\jre\lib\ext\localedata.jar;F:\Javafour\jdk1.8.0_152\jre\lib\ext\nashorn.jar;F:\Javafour\jdk1.8.0_152\jre\lib\ext\sunec.jar;F:\Javafour\jdk1.8.0_152\jre\lib\ext\sunjce_provider.jar;F:\Javafour\jdk1.8.0_152\jre\lib\ext\sunmscapi.jar;F:\Javafour\jdk1.8.0_152\jre\lib\ext\sunpkcs11.jar;F:\Javafour\jdk1.8.0_152\jre\lib\ext\zipfs.jar;F:\Javafour\jdk1.8.0_152\jre\lib\javaws.jar;F:\Javafour\jdk1.8.0_152\jre\lib\jce.jar;F:\Javafour\jdk1.8.0_152\jre\lib\jfr.jar;F:\Javafour\jdk1.8.0_152\jre\lib\jfxswt.jar;F:\Javafour\jdk1.8.0_152\jre\lib\jsse.jar;F:\Javafour\jdk1.8.0_152\jre\lib\management-agent.jar;F:\Javafour\jdk1.8.0_152\jre\lib\plugin.jar;F:\Javafour\jdk1.8.0_152\jre\lib\resources.jar;F:\Javafour\jdk1.8.0_152\jre\lib\rt.jar;E:\springcloud_merchant\springcloud_provider_user\target\classes;D:\Maven\mavenDB\org\springframework\boot\spring-boot-starter-web\2.1.4.RELEASE\spring-boot-starter-web-2.1.4.RELEASE.jar;D:\Maven\mavenDB\org\springframework\boot\spring-boot-starter\2.1.4.RELEASE\spring-boot-starter-2.1.4.RELEASE.jar;D:\Maven\mavenDB\org\springframework\boot\spring-boot\2.1.4.RELEASE\spring-boot-2.1.4.RELEASE.jar;D:\Maven\mavenDB\org\springframework\boot\spring-boot-autoconfigure\2.1.4.RELEASE\spring-boot-autoconfigure-2.1.4.RELEASE.jar;D:\Maven\mavenDB\org\springframework\boot\spring-boot-starter-logging\2.1.4.RELEASE\spring-boot-starter-logging-2.1.4.RELEASE.jar;D:\Maven\mavenDB\ch\qos\logback\logback-classic\1.2.3\logback-classic-1.2.3.jar;D:\Maven\mavenDB\ch\qos\logback\logback-core\1.2.3\logback-core-1.2.3.jar;D:\Maven\mavenDB\org\apache\logging\log4j\log4j-to-slf4j\2.11.2\log4j-
Launcher Type: SUN_STANDARD

Environment Variables:
JAVA_HOME=F:\Javafour\jdk1.8.0_152
PATH=C:\WINDOWS\system32;C:\WINDOWS;C:\WINDOWS\System32\Wbem;C:\WINDOWS\System32\WindowsPowerShell\v1.0\;C:\WINDOWS\System32\OpenSSH\;F:\Javafour\jdk1.8.0_152\bin;C:\Program Files (x86)\MySQL\MySQL Server 5.1\bin;D:\SVN\kehu\bin;D:\SVN\fuwu\bin;F:\Javafour\jdk1.8.0_152\jre\bin;D:\Git\Git\cmd;C:\Users\admin\AppData\Local\Microsoft\WindowsApps;
USERNAME=admin
OS=Windows_NT
PROCESSOR_IDENTIFIER=Intel64 Family 6 Model 69 Stepping 1, GenuineIntel



---------------  S Y S T E M  ---------------

OS: Windows 10.0 , 64 bit Build 17134 (10.0.17134.648)

CPU:total 4 (initial active 4) (2 cores per cpu, 2 threads per core) family 6 model 69 stepping 1, cmov, cx8, fxsr, mmx, sse, sse2, sse3, ssse3, sse4.1, sse4.2, popcnt, avx, avx2, aes, clmul, erms, lzcnt, ht, tsc, tscinvbit, bmi1, bmi2

Memory: 4k page, physical 12476780k(6519204k free), swap 17719660k(8606812k free)

vm_info: Java HotSpot(TM) 64-Bit Server VM (25.152-b16) for windows-amd64 JRE (1.8.0_152-b16), built on Sep 14 2017 02:29:36 by "java_re" with MS VC++ 10.0 (VS2010)

time: Mon Apr 22 18:31:46 2019
elapsed time: 9369 seconds (0d 2h 36m 9s)

